14:17:46,864 ERROR CRSApplication,main:96 - The input format is invalid


14:19:02,322 ERROR CRSApplication,main:76 - Invalid Credentials
15:32:47,657 ERROR StudentDAOInterface,main:89 - Duplicate entry '5' for key 'user.PRIMARY'
15:35:45,583 ERROR CRSApplication,main:76 - Invalid Credentials
15:38:38,698 ERROR CRSApplication,main:76 - Invalid Credentials
15:39:58,600 ERROR CRSApplication,main:76 - Invalid Credentials
15:41:48,709 ERROR CRSApplication,main:76 - Invalid Credentials
15:44:13,361 ERROR CRSApplication,main:77 - Invalid Credentials
15:44:58,484 ERROR CRSApplication,main:77 - Invalid Credentials
15:46:07,849 ERROR CRSApplication,main:77 - Invalid Credentials
15:47:10,600 ERROR CRSApplication,main:77 - Invalid Credentials
15:47:52,409 ERROR CRSApplication,main:77 - Invalid Credentials
15:48:44,219 ERROR CRSApplication,main:77 - Invalid Credentials
15:50:04,003 ERROR CRSApplication,main:77 - Invalid Credentials
15:51:18,449 ERROR CRSApplication,main:77 - Invalid Credentials
15:56:12,248  INFO ProfessorDAOInterfaceIMPL,main:112 - Table 'jedicrs.grade' doesn't exist
15:56:40,893  INFO ProfessorDAOInterfaceIMPL,main:162 - Table 'jedicrs.grade' doesn't exist
15:56:46,367 ERROR ProfessorCRSMenu,main:47 - Invalid Choice
15:56:48,799 ERROR CRSApplication,main:97 - The input format is invalid


15:57:30,467 ERROR CRSApplication,main:97 - The input format is invalid


15:58:00,293 ERROR UserDAOInterface,main:41 - student approval pending
15:58:00,293 ERROR CRSApplication,main:77 - Invalid Credentials
16:05:35,271 ERROR AdminDAOInterfaceIMPL,main:262 - Column 'id' in field list is ambiguous
21:27:32,857 ERROR CRSApplication,main:77 - Invalid Credentials
11:14:45,755 ERROR VerificationSystem,main:31 - login failed
11:14:57,384 ERROR CoursesDAOInterfaceIMPL,main:65 - 
11:15:38,265 ERROR CoursesDAOInterfaceIMPL,main:65 - 
11:16:22,686 ERROR CoursesDAOInterfaceIMPL,main:65 - 
11:19:02,097 ERROR CoursesDAOInterfaceIMPL,main:65 - 
11:19:31,616 ERROR CoursesDAOInterfaceIMPL,main:65 - 
11:19:43,429 ERROR CoursesDAOInterfaceIMPL,main:65 - 
11:22:29,353 ERROR CoursesDAOInterfaceIMPL,main:65 - 
11:22:52,761 ERROR CoursesDAOInterfaceIMPL,main:65 - 
11:23:08,817 ERROR CoursesDAOInterfaceIMPL,main:65 - 
11:25:13,825 ERROR CoursesDAOInterfaceIMPL,main:65 - 
11:25:34,449 ERROR CoursesDAOInterfaceIMPL,main:65 - 
11:25:57,051 ERROR CoursesDAOInterfaceIMPL,main:65 - 
11:30:35,004 ERROR AdminDAOInterfaceIMPL,main:89 - Table 'jedicrs.grade' doesn't exist
11:34:36,558  INFO AdminDAOInterfaceIMPL,main:82 - =======Report Card=======
11:34:36,559  INFO AdminDAOInterfaceIMPL,main:83 - Course Name	|	Grade
11:36:18,532  INFO AdminDAOInterfaceIMPL,main:82 - =======Report Card=======
11:36:18,533  INFO AdminDAOInterfaceIMPL,main:83 - Course Name	|	Grade
11:36:56,551  INFO AdminDAOInterfaceIMPL,main:82 - =======Report Card=======
11:36:56,553  INFO AdminDAOInterfaceIMPL,main:83 - Course Name	|	Grade
11:36:56,554  INFO AdminDAOInterfaceIMPL,main:85 - PHN-300	|	A
11:36:56,554  INFO AdminDAOInterfaceIMPL,main:87 - __________________________________
11:39:41,722  INFO AdminDAOInterfaceIMPL,main:133 - Professor successfully deleted.
11:40:15,852  INFO AdminDAOInterfaceIMPL,main:330 - 3	student1
11:40:15,852  INFO AdminDAOInterfaceIMPL,main:330 - 181	stud3
11:40:15,853  INFO AdminDAOInterfaceIMPL,main:330 - 182	stud3
11:40:15,853  INFO AdminDAOInterfaceIMPL,main:330 - 344	344
11:40:15,855  INFO AdminDAOInterfaceIMPL,main:332 - 


11:40:30,946  INFO AdminDAOInterfaceIMPL,main:309 - 2	prof1
11:40:30,946  INFO AdminDAOInterfaceIMPL,main:309 - 5	prof2
11:40:30,947  INFO AdminDAOInterfaceIMPL,main:311 - 


11:40:42,322  INFO AdminDAOInterfaceIMPL,main:351 - 1	PHN-300
11:40:42,322  INFO AdminDAOInterfaceIMPL,main:351 - 78	PHN-311
11:40:42,322  INFO AdminDAOInterfaceIMPL,main:353 - 


11:47:53,598  INFO AdminDAOInterfaceIMPL,main:314 - PROFESSOR ID                 PROFESSOR NAME 
11:47:53,600  INFO AdminDAOInterfaceIMPL,main:314 - PROFESSOR ID                 PROFESSOR NAME 
11:47:53,600  INFO AdminDAOInterfaceIMPL,main:316 - 


11:49:37,670  INFO AdminDAOInterfaceIMPL,main:308 - -----------------------------------------------------------------------------
11:49:37,674  INFO AdminDAOInterfaceIMPL,main:309 - PROFESSOR ID                 PROFESSOR NAME 
11:49:37,674  INFO AdminDAOInterfaceIMPL,main:310 - -----------------------------------------------------------------------------
11:49:37,675  INFO AdminDAOInterfaceIMPL,main:313 -          2                          prof1 
11:49:37,675  INFO AdminDAOInterfaceIMPL,main:313 -          5                          prof2 
11:49:37,675  INFO AdminDAOInterfaceIMPL,main:315 - 


11:50:33,893  INFO AdminDAOInterfaceIMPL,main:333 - -----------------------------------------------------------------------------
11:50:33,896  INFO AdminDAOInterfaceIMPL,main:334 - STUDENT ID                   STUDENT NAME 
11:50:33,896  INFO AdminDAOInterfaceIMPL,main:335 - -----------------------------------------------------------------------------
11:50:33,897  INFO AdminDAOInterfaceIMPL,main:337 -          3                       student1 
11:50:33,897  INFO AdminDAOInterfaceIMPL,main:337 -        181                          stud3 
11:50:33,897  INFO AdminDAOInterfaceIMPL,main:337 -        182                          stud3 
11:50:33,897  INFO AdminDAOInterfaceIMPL,main:337 -        344                            344 
11:50:33,898  INFO AdminDAOInterfaceIMPL,main:339 - 


11:53:39,426  INFO AdminDAOInterfaceIMPL,main:82 - -----------------------------------------------------------------------------
11:53:39,429  INFO AdminDAOInterfaceIMPL,main:83 - Course NAME                          GRADE 
11:53:39,429  INFO AdminDAOInterfaceIMPL,main:84 - -----------------------------------------------------------------------------
11:53:39,430  INFO AdminDAOInterfaceIMPL,main:86 -    PHN-300                              A 
11:53:39,430  INFO AdminDAOInterfaceIMPL,main:88 - 


11:53:51,770  INFO AdminDAOInterfaceIMPL,main:313 - -----------------------------------------------------------------------------
11:53:51,770  INFO AdminDAOInterfaceIMPL,main:314 - PROFESSOR ID                 PROFESSOR NAME 
11:53:51,771  INFO AdminDAOInterfaceIMPL,main:315 - -----------------------------------------------------------------------------
11:53:51,771  INFO AdminDAOInterfaceIMPL,main:318 -          2                          prof1 
11:53:51,772  INFO AdminDAOInterfaceIMPL,main:318 -          5                          prof2 
11:53:51,772  INFO AdminDAOInterfaceIMPL,main:320 - 


11:53:58,675  INFO AdminDAOInterfaceIMPL,main:338 - -----------------------------------------------------------------------------
11:53:58,675  INFO AdminDAOInterfaceIMPL,main:339 - STUDENT ID                   STUDENT NAME 
11:53:58,676  INFO AdminDAOInterfaceIMPL,main:340 - -----------------------------------------------------------------------------
11:53:58,676  INFO AdminDAOInterfaceIMPL,main:342 -          3                       student1 
11:53:58,676  INFO AdminDAOInterfaceIMPL,main:342 -        181                          stud3 
11:53:58,677  INFO AdminDAOInterfaceIMPL,main:342 -        182                          stud3 
11:53:58,677  INFO AdminDAOInterfaceIMPL,main:342 -        344                            344 
11:53:58,677  INFO AdminDAOInterfaceIMPL,main:344 - 


11:54:03,408  INFO AdminDAOInterfaceIMPL,main:362 - -----------------------------------------------------------------------------
11:54:03,409  INFO AdminDAOInterfaceIMPL,main:363 -  COURSE ID                    COURSE NAME 
11:54:03,409  INFO AdminDAOInterfaceIMPL,main:364 - -----------------------------------------------------------------------------
11:54:03,409  INFO AdminDAOInterfaceIMPL,main:366 -          1                        PHN-300 
11:54:03,410  INFO AdminDAOInterfaceIMPL,main:366 -         78                        PHN-311 
11:54:03,410  INFO AdminDAOInterfaceIMPL,main:368 - 


11:54:08,411  INFO AdminDAOInterfaceIMPL,main:270 - -----------------------------------------------------------------------------
11:54:08,412  INFO AdminDAOInterfaceIMPL,main:271 -    USER ID                      USER NAME 
11:54:08,412  INFO AdminDAOInterfaceIMPL,main:272 - -----------------------------------------------------------------------------
11:54:08,412  INFO AdminDAOInterfaceIMPL,main:274 -        182                          stud3 
11:54:08,413  INFO AdminDAOInterfaceIMPL,main:274 -        344                            344 
11:54:08,413  INFO AdminDAOInterfaceIMPL,main:276 - 


11:55:00,911 ERROR AdminCRSMenu,main:97 - The input formal is invalid

11:55:10,971 ERROR AdminOperation,main:88 - The input formal is invalid

12:14:30,026 ERROR CRSApplication,main:100 - 
The input format is invalid


12:14:32,525 ERROR CRSApplication,main:100 - 
The input format is invalid


12:19:59,207 ERROR StudentDAOInterface,main:141 - 
Before start of result set

12:21:05,923 ERROR StudentDAOInterface,main:510 - 
No value specified for parameter 1

12:45:13,901 ERROR StudentCRSMenu,main:124 - 
The input format is invalid


12:45:20,976 ERROR StudentDAOInterface,main:141 - 
Before start of result set

12:47:52,631 ERROR StudentDAOInterface,main:141 - 
Before start of result set

12:49:01,632 ERROR StudentDAOInterface,main:141 - 
Before start of result set

12:50:46,147 ERROR StudentDAOInterface,main:141 - 
Before start of result set

12:51:26,804 ERROR StudentDAOInterface,main:141 - 
Before start of result set

12:51:30,538 ERROR StudentDAOInterface,main:510 - 
No value specified for parameter 1

12:52:04,930 ERROR StudentDAOInterface,main:510 - 
No value specified for parameter 1

12:56:59,611 ERROR StudentDAOInterface,main:141 - 
Before start of result set

12:59:25,864 ERROR StudentDAOInterface,main:141 - 
Before start of result set

13:00:04,435 ERROR StudentDAOInterface,main:511 - 
No value specified for parameter 1

13:00:12,944 ERROR StudentDAOInterface,main:141 - 
Before start of result set

13:01:24,989 ERROR StudentDAOInterface,main:141 - 
Before start of result set

13:07:45,760  INFO StudentDAOInterface,main:493 - -----------------------------------------------------------------------------
13:07:45,763  INFO StudentDAOInterface,main:494 - TRANSACTION ID                         AMOUNT PAYMENT DATE  
13:07:45,763  INFO StudentDAOInterface,main:495 - -----------------------------------------------------------------------------
13:07:45,765 ERROR StudentDAOInterface,main:519 - 
Format specifier '%10s'

13:08:02,976  INFO StudentDAOInterface,main:493 - -----------------------------------------------------------------------------
13:08:02,977  INFO StudentDAOInterface,main:494 - TRANSACTION ID                         AMOUNT PAYMENT DATE  
13:08:02,977  INFO StudentDAOInterface,main:495 - -----------------------------------------------------------------------------
13:08:02,977 ERROR StudentDAOInterface,main:519 - 
Format specifier '%10s'

13:08:36,379  INFO StudentDAOInterface,main:493 - -----------------------------------------------------------------------------
13:08:36,383  INFO StudentDAOInterface,main:494 - TRANSACTION ID                         AMOUNT PAYMENT DATE  
13:08:36,384  INFO StudentDAOInterface,main:495 - -----------------------------------------------------------------------------
13:08:36,384  INFO StudentDAOInterface,main:496 -  971000000                           5000 2021-06-15
13:09:09,746  INFO StudentDAOInterface,main:493 - -----------------------------------------------------------------------------
13:09:09,749  INFO StudentDAOInterface,main:494 - TRANSACTION ID                         AMOUNT PAYMENT DATE  
13:09:09,750  INFO StudentDAOInterface,main:495 - -----------------------------------------------------------------------------
13:09:09,751  INFO StudentDAOInterface,main:496 -  971000000                           5000 2021-06-15
13:09:44,887  INFO StudentDAOInterface,main:493 - -----------------------------------------------------------------------------
13:09:44,890  INFO StudentDAOInterface,main:494 - TRANSACTION ID                         AMOUNT         PAYMENT DATE  
13:09:44,890  INFO StudentDAOInterface,main:495 - -----------------------------------------------------------------------------
13:09:44,891  INFO StudentDAOInterface,main:496 -  971000000                           5000           2021-06-15
